[35m[1mScanning dependencies of target visualization[0m
[35m[1mScanning dependencies of target visualization_msgs_generate_messages_eus[0m
[  0%] Built target visualization_msgs_generate_messages_eus
[35m[1mScanning dependencies of target visualization_msgs_generate_messages_py[0m
[  3%] [32mBuilding CXX object CMakeFiles/visualization.dir/src/visualization.cpp.o[0m
[  3%] Built target visualization_msgs_generate_messages_py
[35m[1mScanning dependencies of target visualization_msgs_generate_messages_nodejs[0m
[  3%] Built target visualization_msgs_generate_messages_nodejs
[35m[1mScanning dependencies of target diagnostic_msgs_generate_messages_py[0m
[  3%] Built target diagnostic_msgs_generate_messages_py
[35m[1mScanning dependencies of target uuid_msgs_generate_messages_eus[0m
[  3%] Built target uuid_msgs_generate_messages_eus
[35m[1mScanning dependencies of target geographic_msgs_generate_messages_eus[0m
[  3%] Built target geographic_msgs_generate_messages_eus
[35m[1mScanning dependencies of target rosgraph_msgs_generate_messages_lisp[0m
[  3%] Built target rosgraph_msgs_generate_messages_lisp
[35m[1mScanning dependencies of target rosgraph_msgs_generate_messages_eus[0m
[  3%] Built target rosgraph_msgs_generate_messages_eus
[35m[1mScanning dependencies of target geographic_msgs_generate_messages_lisp[0m
[  3%] Built target geographic_msgs_generate_messages_lisp
[35m[1mScanning dependencies of target rosgraph_msgs_generate_messages_nodejs[0m
[  3%] Built target rosgraph_msgs_generate_messages_nodejs
[35m[1mScanning dependencies of target rosgraph_msgs_generate_messages_cpp[0m
[  3%] Built target rosgraph_msgs_generate_messages_cpp
[35m[1mScanning dependencies of target geometry_msgs_generate_messages_eus[0m
[  3%] Built target geometry_msgs_generate_messages_eus
[35m[1mScanning dependencies of target diagnostic_msgs_generate_messages_nodejs[0m
[  3%] Built target diagnostic_msgs_generate_messages_nodejs
[35m[1mScanning dependencies of target mavros_msgs_generate_messages_nodejs[0m
[  3%] Built target mavros_msgs_generate_messages_nodejs
[35m[1mScanning dependencies of target geographic_msgs_generate_messages_nodejs[0m
[  3%] Built target geographic_msgs_generate_messages_nodejs
[35m[1mScanning dependencies of target geographic_msgs_generate_messages_cpp[0m
[  3%] Built target geographic_msgs_generate_messages_cpp
[35m[1mScanning dependencies of target diagnostic_msgs_generate_messages_lisp[0m
[  3%] Built target diagnostic_msgs_generate_messages_lisp
[35m[1mScanning dependencies of target geometry_msgs_generate_messages_lisp[0m
[  3%] Built target geometry_msgs_generate_messages_lisp
[35m[1mScanning dependencies of target roscpp_generate_messages_lisp[0m
[  3%] Built target roscpp_generate_messages_lisp
[35m[1mScanning dependencies of target uuid_msgs_generate_messages_lisp[0m
[  3%] Built target uuid_msgs_generate_messages_lisp
[35m[1mScanning dependencies of target std_msgs_generate_messages_cpp[0m
[  3%] Built target std_msgs_generate_messages_cpp
[35m[1mScanning dependencies of target actionlib_msgs_generate_messages_nodejs[0m
[  3%] Built target actionlib_msgs_generate_messages_nodejs
[35m[1mScanning dependencies of target nav_msgs_generate_messages_nodejs[0m
[  3%] Built target nav_msgs_generate_messages_nodejs
[35m[1mScanning dependencies of target roscpp_generate_messages_py[0m
[  3%] Built target roscpp_generate_messages_py
[35m[1mScanning dependencies of target visualization_msgs_generate_messages_lisp[0m
[  3%] Built target visualization_msgs_generate_messages_lisp
[35m[1mScanning dependencies of target std_msgs_generate_messages_eus[0m
[  3%] Built target std_msgs_generate_messages_eus
[35m[1mScanning dependencies of target geographic_msgs_generate_messages_py[0m
[  3%] Built target geographic_msgs_generate_messages_py
[35m[1mScanning dependencies of target roscpp_generate_messages_cpp[0m
[  3%] Built target roscpp_generate_messages_cpp
[35m[1mScanning dependencies of target sensor_msgs_generate_messages_nodejs[0m
[  3%] Built target sensor_msgs_generate_messages_nodejs
[35m[1mScanning dependencies of target actionlib_generate_messages_cpp[0m
[  3%] Built target actionlib_generate_messages_cpp
[35m[1mScanning dependencies of target geometry_msgs_generate_messages_nodejs[0m
[  3%] Built target geometry_msgs_generate_messages_nodejs
[35m[1mScanning dependencies of target geometry_msgs_generate_messages_py[0m
[  3%] Built target geometry_msgs_generate_messages_py
[35m[1mScanning dependencies of target roscpp_generate_messages_nodejs[0m
[  3%] Built target roscpp_generate_messages_nodejs
[35m[1mScanning dependencies of target std_msgs_generate_messages_lisp[0m
[  3%] Built target std_msgs_generate_messages_lisp
[35m[1mScanning dependencies of target uuid_msgs_generate_messages_cpp[0m
[  3%] Built target uuid_msgs_generate_messages_cpp
[35m[1mScanning dependencies of target std_msgs_generate_messages_nodejs[0m
[  3%] Built target std_msgs_generate_messages_nodejs
[35m[1mScanning dependencies of target std_msgs_generate_messages_py[0m
[  3%] Built target std_msgs_generate_messages_py
[35m[1mScanning dependencies of target diagnostic_msgs_generate_messages_eus[0m
[  3%] Built target diagnostic_msgs_generate_messages_eus
[35m[1mScanning dependencies of target actionlib_msgs_generate_messages_lisp[0m
[  3%] Built target actionlib_msgs_generate_messages_lisp
[35m[1mScanning dependencies of target uuid_msgs_generate_messages_nodejs[0m
[  3%] Built target uuid_msgs_generate_messages_nodejs
[35m[1mScanning dependencies of target uuid_msgs_generate_messages_py[0m
[  3%] Built target uuid_msgs_generate_messages_py
[35m[1mScanning dependencies of target mavros_msgs_generate_messages_cpp[0m
[  3%] Built target mavros_msgs_generate_messages_cpp
[35m[1mScanning dependencies of target mavros_msgs_generate_messages_eus[0m
[  3%] Built target mavros_msgs_generate_messages_eus
[35m[1mScanning dependencies of target sensor_msgs_generate_messages_lisp[0m
[  3%] Built target sensor_msgs_generate_messages_lisp
[35m[1mScanning dependencies of target nav_msgs_generate_messages_cpp[0m
[  3%] Built target nav_msgs_generate_messages_cpp
[35m[1mScanning dependencies of target mavros_msgs_generate_messages_py[0m
[  3%] Built target mavros_msgs_generate_messages_py
[35m[1mScanning dependencies of target mavros_msgs_generate_messages_lisp[0m
[  3%] Built target mavros_msgs_generate_messages_lisp
[35m[1mScanning dependencies of target sensor_msgs_generate_messages_cpp[0m
[  3%] Built target sensor_msgs_generate_messages_cpp
[35m[1mScanning dependencies of target sensor_msgs_generate_messages_eus[0m
[  3%] Built target sensor_msgs_generate_messages_eus
[35m[1mScanning dependencies of target sensor_msgs_generate_messages_py[0m
[  3%] Built target sensor_msgs_generate_messages_py
[35m[1mScanning dependencies of target tf_generate_messages_py[0m
[  3%] Built target tf_generate_messages_py
[35m[1mScanning dependencies of target nav_msgs_generate_messages_lisp[0m
[  3%] Built target nav_msgs_generate_messages_lisp
[35m[1mScanning dependencies of target roscpp_generate_messages_eus[0m
[  3%] Built target roscpp_generate_messages_eus
[35m[1mScanning dependencies of target rosgraph_msgs_generate_messages_py[0m
[  3%] Built target rosgraph_msgs_generate_messages_py
[35m[1mScanning dependencies of target actionlib_msgs_generate_messages_eus[0m
[  3%] Built target actionlib_msgs_generate_messages_eus
[35m[1mScanning dependencies of target actionlib_msgs_generate_messages_py[0m
[  3%] Built target actionlib_msgs_generate_messages_py
[35m[1mScanning dependencies of target diagnostic_msgs_generate_messages_cpp[0m
[  3%] Built target diagnostic_msgs_generate_messages_cpp
[35m[1mScanning dependencies of target actionlib_generate_messages_eus[0m
[  3%] Built target actionlib_generate_messages_eus
[35m[1mScanning dependencies of target geometry_msgs_generate_messages_cpp[0m
[  3%] Built target geometry_msgs_generate_messages_cpp
[35m[1mScanning dependencies of target actionlib_generate_messages_lisp[0m
[  3%] Built target actionlib_generate_messages_lisp
[35m[1mScanning dependencies of target tf2_msgs_generate_messages_cpp[0m
[  3%] Built target tf2_msgs_generate_messages_cpp
[  7%] [32m[1mLinking CXX executable /home/hemanth/neural_fly/devel/.private/mavros_extras/lib/mavros_extras/visualization[0m
[  7%] Built target visualization
[35m[1mScanning dependencies of target nav_msgs_generate_messages_py[0m
[  7%] Built target nav_msgs_generate_messages_py
[35m[1mScanning dependencies of target tf2_msgs_generate_messages_lisp[0m
[  7%] Built target tf2_msgs_generate_messages_lisp
[35m[1mScanning dependencies of target actionlib_generate_messages_py[0m
[  7%] Built target actionlib_generate_messages_py
[35m[1mScanning dependencies of target tf2_msgs_generate_messages_py[0m
[  7%] Built target tf2_msgs_generate_messages_py
[35m[1mScanning dependencies of target tf2_msgs_generate_messages_nodejs[0m
[  7%] Built target tf2_msgs_generate_messages_nodejs
[35m[1mScanning dependencies of target actionlib_generate_messages_nodejs[0m
[  7%] Built target actionlib_generate_messages_nodejs
[35m[1mScanning dependencies of target tf_generate_messages_cpp[0m
[  7%] Built target tf_generate_messages_cpp
[35m[1mScanning dependencies of target actionlib_msgs_generate_messages_cpp[0m
[  7%] Built target actionlib_msgs_generate_messages_cpp
[35m[1mScanning dependencies of target tf_generate_messages_eus[0m
[  7%] Built target tf_generate_messages_eus
[35m[1mScanning dependencies of target tf_generate_messages_lisp[0m
[  7%] Built target tf_generate_messages_lisp
[35m[1mScanning dependencies of target tf_generate_messages_nodejs[0m
[  7%] Built target tf_generate_messages_nodejs
[35m[1mScanning dependencies of target nav_msgs_generate_messages_eus[0m
[  7%] Built target nav_msgs_generate_messages_eus
[35m[1mScanning dependencies of target tf2_msgs_generate_messages_eus[0m
[  7%] Built target tf2_msgs_generate_messages_eus
[35m[1mScanning dependencies of target visualization_msgs_generate_messages_cpp[0m
[  7%] Built target visualization_msgs_generate_messages_cpp
[35m[1mScanning dependencies of target servo_state_publisher[0m
[ 11%] [32mBuilding CXX object CMakeFiles/servo_state_publisher.dir/src/servo_state_publisher.cpp.o[0m
[ 15%] [32m[1mLinking CXX executable /home/hemanth/neural_fly/devel/.private/mavros_extras/lib/mavros_extras/servo_state_publisher[0m
[ 15%] Built target servo_state_publisher
[35m[1mScanning dependencies of target mavros_extras[0m
[ 19%] [32mBuilding CXX object CMakeFiles/mavros_extras.dir/src/plugins/adsb.cpp.o[0m
[ 23%] [32mBuilding CXX object CMakeFiles/mavros_extras.dir/src/plugins/cam_imu_sync.cpp.o[0m
[ 26%] [32mBuilding CXX object CMakeFiles/mavros_extras.dir/src/plugins/companion_process_status.cpp.o[0m
[ 30%] [32mBuilding CXX object CMakeFiles/mavros_extras.dir/src/plugins/onboard_computer_status.cpp.o[0m
[ 34%] [32mBuilding CXX object CMakeFiles/mavros_extras.dir/src/plugins/debug_value.cpp.o[0m
/home/hemanth/neural_fly/src/mavros/mavros_extras/src/plugins/companion_process_status.cpp:25:24: error: â€˜mavlink::common::MAV_TYPEâ€™ has not been declared
 using mavlink::common::MAV_TYPE;
                        ^~~~~~~~
/home/hemanth/neural_fly/src/mavros/mavros_extras/src/plugins/companion_process_status.cpp:26:24: error: â€˜mavlink::common::MAV_STATEâ€™ has not been declared
 using mavlink::common::MAV_STATE;
                        ^~~~~~~~~
/home/hemanth/neural_fly/src/mavros/mavros_extras/src/plugins/companion_process_status.cpp:27:24: error: â€˜mavlink::common::MAV_COMPONENTâ€™ has not been declared
 using mavlink::common::MAV_COMPONENT;
                        ^~~~~~~~~~~~~
/home/hemanth/neural_fly/src/mavros/mavros_extras/src/plugins/companion_process_status.cpp: In member function â€˜void mavros::extra_plugins::CompanionProcessStatusPlugin::status_cb(const ConstPtr&)â€™:
/home/hemanth/neural_fly/src/mavros/mavros_extras/src/plugins/companion_process_status.cpp:66:25: error: â€˜HEARTBEATâ€™ is not a member of â€˜mavlink::common::msgâ€™
   mavlink::common::msg::HEARTBEAT heartbeat {};
                         ^~~~~~~~~
/home/hemanth/neural_fly/src/mavros/mavros_extras/src/plugins/companion_process_status.cpp:66:25: note: suggested alternative:
In file included from /opt/ros/melodic/include/mavlink/v2.0/common/../standard/../minimal/minimal.hpp:312:0,
                 from /opt/ros/melodic/include/mavlink/v2.0/common/../standard/standard.hpp:42,
                 from /opt/ros/melodic/include/mavlink/v2.0/common/common.hpp:2674,
                 from /home/hemanth/neural_fly/src/mavros/libmavconn/include/mavconn/mavlink_dialect.h:26,
                 from /home/hemanth/neural_fly/src/mavros/libmavconn/include/mavconn/interface.h:37,
                 from /home/hemanth/neural_fly/src/mavros/mavros/include/mavros/mavros_plugin.h:24,
                 from /home/hemanth/neural_fly/src/mavros/mavros_extras/src/plugins/companion_process_status.cpp:17:
/opt/ros/melodic/include/mavlink/v2.0/common/../standard/../minimal/./mavlink_msg_heartbeat.hpp:14:8: note:   â€˜mavlink::minimal::msg::HEARTBEATâ€™
 struct HEARTBEAT : mavlink::Message {
        ^~~~~~~~~
/home/hemanth/neural_fly/src/mavros/mavros_extras/src/plugins/companion_process_status.cpp:68:3: error: â€˜heartbeatâ€™ was not declared in this scope
   heartbeat.type = enum_value(mavlink::common::MAV_TYPE::ONBOARD_CONTROLLER);
   ^~~~~~~~~
/home/hemanth/neural_fly/src/mavros/mavros_extras/src/plugins/companion_process_status.cpp:68:48: error: â€˜mavlink::common::MAV_TYPEâ€™ has not been declared
   heartbeat.type = enum_value(mavlink::common::MAV_TYPE::ONBOARD_CONTROLLER);
                                                ^~~~~~~~
/home/hemanth/neural_fly/src/mavros/mavros_extras/src/plugins/companion_process_status.cpp:69:53: error: â€˜mavlink::common::MAV_AUTOPILOTâ€™ has not been declared
   heartbeat.autopilot = enum_value(mavlink::common::MAV_AUTOPILOT::PX4);
                                                     ^~~~~~~~~~~~~
/home/hemanth/neural_fly/src/mavros/mavros_extras/src/plugins/companion_process_status.cpp:70:53: error: â€˜mavlink::common::MAV_MODE_FLAGâ€™ has not been declared
   heartbeat.base_mode = enum_value(mavlink::common::MAV_MODE_FLAG::CUSTOM_MODE_ENABLED);
                                                     ^~~~~~~~~~~~~
In file included from /opt/ros/melodic/include/ros/assert.h:35:0,
                 from /opt/ros/melodic/include/ros/common.h:36,
                 from /opt/ros/melodic/include/ros/publisher.h:32,
                 from /opt/ros/melodic/include/ros/node_handle.h:32,
                 from /opt/ros/melodic/include/diagnostic_updater/diagnostic_updater.h:42,
                 from /home/hemanth/neural_fly/src/mavros/mavros/include/mavros/mavros_plugin.h:23,
                 from /home/hemanth/neural_fly/src/mavros/mavros_extras/src/plugins/companion_process_status.cpp:17:
/home/hemanth/neural_fly/src/mavros/mavros_extras/src/plugins/companion_process_status.cpp:74:29: error: â€˜MAV_COMPONENTâ€™ was not declared in this scope
       utils::to_string_enum<MAV_COMPONENT>(req->component) << " companion process status: " <<
                             ^
/opt/ros/melodic/include/ros/console.h:358:64: note: in definition of macro â€˜ROSCONSOLE_PRINT_STREAM_AT_LOCATION_WITH_FILTERâ€™
     __rosconsole_print_stream_at_location_with_filter__ss__ << args; \
                                                                ^~~~
/opt/ros/melodic/include/ros/console.h:406:7: note: in expansion of macro â€˜ROSCONSOLE_PRINT_STREAM_AT_LOCATIONâ€™
       ROSCONSOLE_PRINT_STREAM_AT_LOCATION(args); \
       ^~~~~~~~~~~~~~~~~~~~~~~~~~~~~~~~~~~
/opt/ros/melodic/include/ros/console.h:579:43: note: in expansion of macro â€˜ROS_LOG_STREAM_CONDâ€™
 #define ROS_LOG_STREAM(level, name, args) ROS_LOG_STREAM_COND(true, level, name, args)
                                           ^~~~~~~~~~~~~~~~~~~
/opt/ros/melodic/include/rosconsole/macros_generated.h:61:44: note: in expansion of macro â€˜ROS_LOG_STREAMâ€™
 #define ROS_DEBUG_STREAM_NAMED(name, args) ROS_LOG_STREAM(::ros::console::levels::Debug, std::string(ROSCONSOLE_NAME_PREFIX) + "." + name, args)
                                            ^~~~~~~~~~~~~~
/home/hemanth/neural_fly/src/mavros/mavros_extras/src/plugins/companion_process_status.cpp:73:3: note: in expansion of macro â€˜ROS_DEBUG_STREAM_NAMEDâ€™
   ROS_DEBUG_STREAM_NAMED("companion_process_status", "companion process component id: " <<
   ^
/home/hemanth/neural_fly/src/mavros/mavros_extras/src/plugins/companion_process_status.cpp:74:29: note: suggested alternative:
       utils::to_string_enum<MAV_COMPONENT>(req->component) << " companion process status: " <<
                             ^
/opt/ros/melodic/include/ros/console.h:358:64: note: in definition of macro â€˜ROSCONSOLE_PRINT_STREAM_AT_LOCATION_WITH_FILTERâ€™
     __rosconsole_print_stream_at_location_with_filter__ss__ << args; \
                                                                ^~~~
/opt/ros/melodic/include/ros/console.h:406:7: note: in expansion of macro â€˜ROSCONSOLE_PRINT_STREAM_AT_LOCATIONâ€™
       ROSCONSOLE_PRINT_STREAM_AT_LOCATION(args); \
       ^~~~~~~~~~~~~~~~~~~~~~~~~~~~~~~~~~~
/opt/ros/melodic/include/ros/console.h:579:43: note: in expansion of macro â€˜ROS_LOG_STREAM_CONDâ€™
 #define ROS_LOG_STREAM(level, name, args) ROS_LOG_STREAM_COND(true, level, name, args)
                                           ^~~~~~~~~~~~~~~~~~~
/opt/ros/melodic/include/rosconsole/macros_generated.h:61:44: note: in expansion of macro â€˜ROS_LOG_STREAMâ€™
 #define ROS_DEBUG_STREAM_NAMED(name, args) ROS_LOG_STREAM(::ros::console::levels::Debug, std::string(ROSCONSOLE_NAME_PREFIX) + "." + name, args)
                                            ^~~~~~~~~~~~~~
/home/hemanth/neural_fly/src/mavros/mavros_extras/src/plugins/companion_process_status.cpp:73:3: note: in expansion of macro â€˜ROS_DEBUG_STREAM_NAMEDâ€™
   ROS_DEBUG_STREAM_NAMED("companion_process_status", "companion process component id: " <<
   ^
In file included from /opt/ros/melodic/include/mavlink/v2.0/common/../standard/standard.hpp:42:0,
                 from /opt/ros/melodic/include/mavlink/v2.0/common/common.hpp:2674,
                 from /home/hemanth/neural_fly/src/mavros/libmavconn/include/mavconn/mavlink_dialect.h:26,
                 from /home/hemanth/neural_fly/src/mavros/libmavconn/include/mavconn/interface.h:37,
                 from /home/hemanth/neural_fly/src/mavros/mavros/include/mavros/mavros_plugin.h:24,
                 from /home/hemanth/neural_fly/src/mavros/mavros_extras/src/plugins/companion_process_status.cpp:17:
/opt/ros/melodic/include/mavlink/v2.0/common/../standard/../minimal/minimal.hpp:165:12: note:   â€˜mavlink::minimal::MAV_COMPONENTâ€™
 enum class MAV_COMPONENT
            ^~~~~~~~~~~~~
In file included from /opt/ros/melodic/include/ros/assert.h:35:0,
                 from /opt/ros/melodic/include/ros/common.h:36,
                 from /opt/ros/melodic/include/ros/publisher.h:32,
                 from /opt/ros/melodic/include/ros/node_handle.h:32,
                 from /opt/ros/melodic/include/diagnostic_updater/diagnostic_updater.h:42,
                 from /home/hemanth/neural_fly/src/mavros/mavros/include/mavros/mavros_plugin.h:23,
                 from /home/hemanth/neural_fly/src/mavros/mavros_extras/src/plugins/companion_process_status.cpp:17:
/home/hemanth/neural_fly/src/mavros/mavros_extras/src/plugins/companion_process_status.cpp:74:58: error: no matching function for call to â€˜to_string_enum<<expression error> >(const _component_type&)â€™
       utils::to_string_enum<MAV_COMPONENT>(req->component) << " companion process status: " <<
                                                          ^
/opt/ros/melodic/include/ros/console.h:358:64: note: in definition of macro â€˜ROSCONSOLE_PRINT_STREAM_AT_LOCATION_WITH_FILTERâ€™
     __rosconsole_print_stream_at_location_with_filter__ss__ << args; \
                                                                ^~~~
/opt/ros/melodic/include/ros/console.h:406:7: note: in expansion of macro â€˜ROSCONSOLE_PRINT_STREAM_AT_LOCATIONâ€™
       ROSCONSOLE_PRINT_STREAM_AT_LOCATION(args); \
       ^~~~~~~~~~~~~~~~~~~~~~~~~~~~~~~~~~~
/opt/ros/melodic/include/ros/console.h:579:43: note: in expansion of macro â€˜ROS_LOG_STREAM_CONDâ€™
 #define ROS_LOG_STREAM(level, name, args) ROS_LOG_STREAM_COND(true, level, name, args)
                                           ^~~~~~~~~~~~~~~~~~~
/opt/ros/melodic/include/rosconsole/macros_generated.h:61:44: note: in expansion of macro â€˜ROS_LOG_STREAMâ€™
 #define ROS_DEBUG_STREAM_NAMED(name, args) ROS_LOG_STREAM(::ros::console::levels::Debug, std::string(ROSCONSOLE_NAME_PREFIX) + "." + name, args)
                                            ^~~~~~~~~~~~~~
/home/hemanth/neural_fly/src/mavros/mavros_extras/src/plugins/companion_process_status.cpp:73:3: note: in expansion of macro â€˜ROS_DEBUG_STREAM_NAMEDâ€™
   ROS_DEBUG_STREAM_NAMED("companion_process_status", "companion process component id: " <<
   ^
In file included from /home/hemanth/neural_fly/src/mavros/mavros/include/mavros/mavros_uas.h:29:0,
                 from /home/hemanth/neural_fly/src/mavros/mavros/include/mavros/mavros_plugin.h:25,
                 from /home/hemanth/neural_fly/src/mavros/mavros_extras/src/plugins/companion_process_status.cpp:17:
/home/hemanth/neural_fly/src/mavros/mavros/include/mavros/utils.h:85:13: note: candidate: template<class _T> std::__cxx11::string mavros::utils::to_string_enum(int)
 std::string to_string_enum(int e)
             ^~~~~~~~~~~~~~
/home/hemanth/neural_fly/src/mavros/mavros/include/mavros/utils.h:85:13: note:   template argument deduction/substitution failed:
In file included from /opt/ros/melodic/include/ros/assert.h:35:0,
                 from /opt/ros/melodic/include/ros/common.h:36,
                 from /opt/ros/melodic/include/ros/publisher.h:32,
                 from /opt/ros/melodic/include/ros/node_handle.h:32,
                 from /opt/ros/melodic/include/diagnostic_updater/diagnostic_updater.h:42,
                 from /home/hemanth/neural_fly/src/mavros/mavros/include/mavros/mavros_plugin.h:23,
                 from /home/hemanth/neural_fly/src/mavros/mavros_extras/src/plugins/companion_process_status.cpp:17:
/home/hemanth/neural_fly/src/mavros/mavros_extras/src/plugins/companion_process_status.cpp:74:58: error: template argument 1 is invalid
       utils::to_string_enum<MAV_COMPONENT>(req->component) << " companion process status: " <<
                                                          ^
/opt/ros/melodic/include/ros/console.h:358:64: note: in definition of macro â€˜ROSCONSOLE_PRINT_STREAM_AT_LOCATION_WITH_FILTERâ€™
     __rosconsole_print_stream_at_location_with_filter__ss__ << args; \
                                                                ^~~~
/opt/ros/melodic/include/ros/console.h:406:7: note: in expansion of macro â€˜ROSCONSOLE_PRINT_STREAM_AT_LOCATIONâ€™
       ROSCONSOLE_PRINT_STREAM_AT_LOCATION(args); \
       ^~~~~~~~~~~~~~~~~~~~~~~~~~~~~~~~~~~
/opt/ros/melodic/include/ros/console.h:579:43: note: in expansion of macro â€˜ROS_LOG_STREAM_CONDâ€™
 #define ROS_LOG_STREAM(level, name, args) ROS_LOG_STREAM_COND(true, level, name, args)
                                           ^~~~~~~~~~~~~~~~~~~
/opt/ros/melodic/include/rosconsole/macros_generated.h:61:44: note: in expansion of macro â€˜ROS_LOG_STREAMâ€™
 #define ROS_DEBUG_STREAM_NAMED(name, args) ROS_LOG_STREAM(::ros::console::levels::Debug, std::string(ROSCONSOLE_NAME_PREFIX) + "." + name, args)
                                            ^~~~~~~~~~~~~~
/home/hemanth/neural_fly/src/mavros/mavros_extras/src/plugins/companion_process_status.cpp:73:3: note: in expansion of macro â€˜ROS_DEBUG_STREAM_NAMEDâ€™
   ROS_DEBUG_STREAM_NAMED("companion_process_status", "companion process component id: " <<
   ^
/home/hemanth/neural_fly/src/mavros/mavros_extras/src/plugins/companion_process_status.cpp:75:29: error: â€˜MAV_STATEâ€™ was not declared in this scope
       utils::to_string_enum<MAV_STATE>(heartbeat.system_status) << std::endl << heartbeat.to_yaml());
                             ^
/opt/ros/melodic/include/ros/console.h:358:64: note: in definition of macro â€˜ROSCONSOLE_PRINT_STREAM_AT_LOCATION_WITH_FILTERâ€™
     __rosconsole_print_stream_at_location_with_filter__ss__ << args; \
                                                                ^~~~
/opt/ros/melodic/include/ros/console.h:406:7: note: in expansion of macro â€˜ROSCONSOLE_PRINT_STREAM_AT_LOCATIONâ€™
       ROSCONSOLE_PRINT_STREAM_AT_LOCATION(args); \
       ^~~~~~~~~~~~~~~~~~~~~~~~~~~~~~~~~~~
/opt/ros/melodic/include/ros/console.h:579:43: note: in expansion of macro â€˜ROS_LOG_STREAM_CONDâ€™
 #define ROS_LOG_STREAM(level, name, args) ROS_LOG_STREAM_COND(true, level, name, args)
                                           ^~~~~~~~~~~~~~~~~~~
/opt/ros/melodic/include/rosconsole/macros_generated.h:61:44: note: in expansion of macro â€˜ROS_LOG_STREAMâ€™
 #define ROS_DEBUG_STREAM_NAMED(name, args) ROS_LOG_STREAM(::ros::console::levels::Debug, std::string(ROSCONSOLE_NAME_PREFIX) + "." + name, args)
                                            ^~~~~~~~~~~~~~
/home/hemanth/neural_fly/src/mavros/mavros_extras/src/plugins/companion_process_status.cpp:73:3: note: in expansion of macro â€˜ROS_DEBUG_STREAM_NAMEDâ€™
   ROS_DEBUG_STREAM_NAMED("companion_process_status", "companion process component id: " <<
   ^
/home/hemanth/neural_fly/src/mavros/mavros_extras/src/plugins/companion_process_status.cpp:75:29: note: suggested alternative:
       utils::to_string_enum<MAV_STATE>(heartbeat.system_status) << std::endl << heartbeat.to_yaml());
                             ^
/opt/ros/melodic/include/ros/console.h:358:64: note: in definition of macro â€˜ROSCONSOLE_PRINT_STREAM_AT_LOCATION_WITH_FILTERâ€™
     __rosconsole_print_stream_at_location_with_filter__ss__ << args; \
                                                                ^~~~
/opt/ros/melodic/include/ros/console.h:406:7: note: in expansion of macro â€˜ROSCONSOLE_PRINT_STREAM_AT_LOCATIONâ€™
       ROSCONSOLE_PRINT_STREAM_AT_LOCATION(args); \
       ^~~~~~~~~~~~~~~~~~~~~~~~~~~~~~~~~~~
/opt/ros/melodic/include/ros/console.h:579:43: note: in expansion of macro â€˜ROS_LOG_STREAM_CONDâ€™
 #define ROS_LOG_STREAM(level, name, args) ROS_LOG_STREAM_COND(true, level, name, args)
                                           ^~~~~~~~~~~~~~~~~~~
/opt/ros/melodic/include/rosconsole/macros_generated.h:61:44: note: in expansion of macro â€˜ROS_LOG_STREAMâ€™
 #define ROS_DEBUG_STREAM_NAMED(name, args) ROS_LOG_STREAM(::ros::console::levels::Debug, std::string(ROSCONSOLE_NAME_PREFIX) + "." + name, args)
                                            ^~~~~~~~~~~~~~
/home/hemanth/neural_fly/src/mavros/mavros_extras/src/plugins/companion_process_status.cpp:73:3: note: in expansion of macro â€˜ROS_DEBUG_STREAM_NAMEDâ€™
   ROS_DEBUG_STREAM_NAMED("companion_process_status", "companion process component id: " <<
   ^
In file included from /opt/ros/melodic/include/mavlink/v2.0/common/../standard/standard.hpp:42:0,
                 from /opt/ros/melodic/include/mavlink/v2.0/common/common.hpp:2674,
                 from /home/hemanth/neural_fly/src/mavros/libmavconn/include/mavconn/mavlink_dialect.h:26,
                 from /home/hemanth/neural_fly/src/mavros/libmavconn/include/mavconn/interface.h:37,
                 from /home/hemanth/neural_fly/src/mavros/mavros/include/mavros/mavros_plugin.h:24,
                 from /home/hemanth/neural_fly/src/mavros/mavros_extras/src/plugins/companion_process_status.cpp:17:
/opt/ros/melodic/include/mavlink/v2.0/common/../standard/../minimal/minimal.hpp:146:12: note:   â€˜mavlink::minimal::MAV_STATEâ€™
 enum class MAV_STATE : uint8_t
            ^~~~~~~~~
make[2]: *** [CMakeFiles/mavros_extras.dir/src/plugins/companion_process_status.cpp.o] Error 1
make[2]: *** Waiting for unfinished jobs....
CMakeFiles/mavros_extras.dir/build.make:110: recipe for target 'CMakeFiles/mavros_extras.dir/src/plugins/companion_process_status.cpp.o' failed
CMakeFiles/Makefile2:178: recipe for target 'CMakeFiles/mavros_extras.dir/all' failed
make[1]: *** [CMakeFiles/mavros_extras.dir/all] Error 2
Makefile:140: recipe for target 'all' failed
make: *** [all] Error 2
